<?xml version="1.0" encoding="UTF-8"?>
<!-- Generated by org.testng.reporters.JUnitReportReporter -->
<testsuite hostname="DESKTOP-MG4TLCT" failures="0" tests="3" name="UnitTesting.UnitTesting" time="0.469" errors="0" timestamp="2021-08-17T10:04:20 CST" skipped="0">
  <testcase classname="UnitTesting.UnitTesting" name="gettersYsettersInventario" time="0.004"/>
  <system-out/>
  <testcase classname="UnitTesting.UnitTesting" name="gettersYsettersPedidos" time="0.001"/>
  <system-out/>
  <testcase classname="UnitTesting.UnitTesting" name="agregarCliente" time="0.464"/>
  <system-out/>
</testsuite> <!-- UnitTesting.UnitTesting -->
