<?xml version="1.0" encoding="UTF-8"?>
<!-- Generated by org.testng.reporters.JUnitReportReporter -->
<testsuite hostname="DESKTOP-MG4TLCT" failures="0" tests="3" name="UnitTesting.UnitTesting" time="1.839" errors="0" timestamp="2021-09-13T23:18:55 CST" skipped="0">
  <testcase classname="UnitTesting.UnitTesting" name="gettersYsettersInventario" time="0.006"/>
  <system-out/>
  <testcase classname="UnitTesting.UnitTesting" name="agregarCliente" time="1.832"/>
  <system-out/>
  <testcase classname="UnitTesting.UnitTesting" name="gettersYsettersPedidos" time="0.001"/>
  <system-out/>
</testsuite> <!-- UnitTesting.UnitTesting -->
